<?xml version="1.0" encoding="UTF-8"?>
<!-- Generated by org.testng.reporters.JUnitReportReporter -->
<testsuite skipped="0" hostname="INMAA1-L0063" name="baseClass.executingTests" tests="1" failures="0" timestamp="05 Mar 2021 16:00:41 GMT" time="2.699" errors="0">
  <testcase name="verifySearch" time="2.699" classname="baseClass.executingTests"/>
</testsuite> <!-- baseClass.executingTests -->
